# JRE version: OpenJDK Runtime Environment (8.0_76-b03) (build 1.8.0_76-release-b03)
# Java VM: OpenJDK 64-Bit Server VM (25.76-b03 mixed mode bsd-amd64 compressed oops)
Heap:
 PSYoungGen      total 169472K, used 22500K [0x00000007a0000000, 0x00000007aef80000, 0x00000007c0000000)
  eden space 146944K, 0% used [0x00000007a0000000,0x00000007a0000000,0x00000007a8f80000)
  from space 22528K, 99% used [0x00000007a8f80000,0x00000007aa579330,0x00000007aa580000)
  to   space 25600K, 0% used [0x00000007ad680000,0x00000007ad680000,0x00000007aef80000)
 ParOldGen       total 110080K, used 33717K [0x0000000760000000, 0x0000000766b80000, 0x00000007a0000000)
  object space 110080K, 30% used [0x0000000760000000,0x00000007620ed748,0x0000000766b80000)
 Metaspace       used 57230K, capacity 59070K, committed 59136K, reserved 1099776K
  class space    used 7714K, capacity 8189K, committed 8192K, reserved 1048576K
GC Heap History (10 events):
Event: 4.706 GC heap after
Heap after GC invocations=9 (full 2):
 PSYoungGen      total 105472K, used 0K [0x00000007a0000000, 0x00000007a9680000, 0x00000007c0000000)
  eden space 93184K, 0% used [0x00000007a0000000,0x00000007a0000000,0x00000007a5b00000)
  from space 12288K, 0% used [0x00000007a5b00000,0x00000007a5b00000,0x00000007a6700000)
  to   space 12800K, 0% used [0x00000007a8a00000,0x00000007a8a00000,0x00000007a9680000)
 ParOldGen       total 110080K, used 17146K [0x0000000760000000, 0x0000000766b80000, 0x00000007a0000000)
  object space 110080K, 15% used [0x0000000760000000,0x00000007610beac0,0x0000000766b80000)
 Metaspace       used 34586K, capacity 35230K, committed 35496K, reserved 1079296K
  class space    used 4572K, capacity 4784K, committed 4864K, reserved 1048576K
}
Event: 5.438 GC heap before
{Heap before GC invocations=10 (full 2):
 PSYoungGen      total 105472K, used 93184K [0x00000007a0000000, 0x00000007a9680000, 0x00000007c0000000)
  eden space 93184K, 100% used [0x00000007a0000000,0x00000007a5b00000,0x00000007a5b00000)
  from space 12288K, 0% used [0x00000007a5b00000,0x00000007a5b00000,0x00000007a6700000)
  to   space 12800K, 0% used [0x00000007a8a00000,0x00000007a8a00000,0x00000007a9680000)
 ParOldGen       total 110080K, used 17146K [0x0000000760000000, 0x0000000766b80000, 0x00000007a0000000)
  object space 110080K, 15% used [0x0000000760000000,0x00000007610beac0,0x0000000766b80000)
 Metaspace       used 38961K, capacity 39802K, committed 40320K, reserved 1083392K
  class space    used 5146K, capacity 5387K, committed 5504K, reserved 1048576K
Event: 5.446 GC heap after
Heap after GC invocations=10 (full 2):
 PSYoungGen      total 136192K, used 9526K [0x00000007a0000000, 0x00000007a9400000, 0x00000007c0000000)
  eden space 125952K, 0% used [0x00000007a0000000,0x00000007a0000000,0x00000007a7b00000)
  from space 10240K, 93% used [0x00000007a8a00000,0x00000007a934d9f8,0x00000007a9400000)
  to   space 12800K, 0% used [0x00000007a7b00000,0x00000007a7b00000,0x00000007a8780000)
 ParOldGen       total 110080K, used 17154K [0x0000000760000000, 0x0000000766b80000, 0x00000007a0000000)
  object space 110080K, 15% used [0x0000000760000000,0x00000007610c0ac0,0x0000000766b80000)
 Metaspace       used 38961K, capacity 39802K, committed 40320K, reserved 1083392K
  class space    used 5146K, capacity 5387K, committed 5504K, reserved 1048576K
}
Event: 7.572 GC heap before
{Heap before GC invocations=11 (full 2):
 PSYoungGen      total 136192K, used 135478K [0x00000007a0000000, 0x00000007a9400000, 0x00000007c0000000)
  eden space 125952K, 100% used [0x00000007a0000000,0x00000007a7b00000,0x00000007a7b00000)
  from space 10240K, 93% used [0x00000007a8a00000,0x00000007a934d9f8,0x00000007a9400000)
  to   space 12800K, 0% used [0x00000007a7b00000,0x00000007a7b00000,0x00000007a8780000)
 ParOldGen       total 110080K, used 17154K [0x0000000760000000, 0x0000000766b80000, 0x00000007a0000000)
  object space 110080K, 15% used [0x0000000760000000,0x00000007610c0ac0,0x0000000766b80000)
 Metaspace       used 50936K, capacity 52200K, committed 52480K, reserved 1095680K
  class space    used 6765K, capacity 7052K, committed 7168K, reserved 1048576K
Event: 7.590 GC heap after
Heap after GC invocations=11 (full 2):
 PSYoungGen      total 138752K, used 12768K [0x00000007a0000000, 0x00000007ab680000, 0x00000007c0000000)
  eden space 125952K, 0% used [0x00000007a0000000,0x00000007a0000000,0x00000007a7b00000)
  from space 12800K, 99% used [0x00000007a7b00000,0x00000007a8778010,0x00000007a8780000)
  to   space 17408K, 0% used [0x00000007aa580000,0x00000007aa580000,0x00000007ab680000)
 ParOldGen       total 110080K, used 24409K [0x0000000760000000, 0x0000000766b80000, 0x00000007a0000000)
  object space 110080K, 22% used [0x0000000760000000,0x00000007617d6648,0x0000000766b80000)
 Metaspace       used 50936K, capacity 52200K, committed 52480K, reserved 1095680K
  class space    used 6765K, capacity 7052K, committed 7168K, reserved 1048576K
}
Event: 10.461 GC heap before
{Heap before GC invocations=12 (full 2):
 PSYoungGen      total 138752K, used 138720K [0x00000007a0000000, 0x00000007ab680000, 0x00000007c0000000)
  eden space 125952K, 100% used [0x00000007a0000000,0x00000007a7b00000,0x00000007a7b00000)
  from space 12800K, 99% used [0x00000007a7b00000,0x00000007a8778010,0x00000007a8780000)
  to   space 17408K, 0% used [0x00000007aa580000,0x00000007aa580000,0x00000007ab680000)
 ParOldGen       total 110080K, used 24409K [0x0000000760000000, 0x0000000766b80000, 0x00000007a0000000)
  object space 110080K, 22% used [0x0000000760000000,0x00000007617d6648,0x0000000766b80000)
 Metaspace       used 55944K, capacity 57536K, committed 57728K, reserved 1099776K
  class space    used 7441K, capacity 7772K, committed 7808K, reserved 1048576K
Event: 10.481 GC heap after
Heap after GC invocations=12 (full 2):
 PSYoungGen      total 164352K, used 17380K [0x00000007a0000000, 0x00000007abf00000, 0x00000007c0000000)
  eden space 146944K, 0% used [0x00000007a0000000,0x00000007a0000000,0x00000007a8f80000)
  from space 17408K, 99% used [0x00000007aa580000,0x00000007ab6790f0,0x00000007ab680000)
  to   space 22528K, 0% used [0x00000007a8f80000,0x00000007a8f80000,0x00000007aa580000)
 ParOldGen       total 110080K, used 32581K [0x0000000760000000, 0x0000000766b80000, 0x00000007a0000000)
  object space 110080K, 29% used [0x0000000760000000,0x0000000761fd15d8,0x0000000766b80000)
 Metaspace       used 55944K, capacity 57536K, committed 57728K, reserved 1099776K
  class space    used 7441K, capacity 7772K, committed 7808K, reserved 1048576K
}
Event: 10.823 GC heap before
{Heap before GC invocations=13 (full 2):
 PSYoungGen      total 164352K, used 58967K [0x00000007a0000000, 0x00000007abf00000, 0x00000007c0000000)
  eden space 146944K, 28% used [0x00000007a0000000,0x00000007a289ce10,0x00000007a8f80000)
  from space 17408K, 99% used [0x00000007aa580000,0x00000007ab6790f0,0x00000007ab680000)
  to   space 22528K, 0% used [0x00000007a8f80000,0x00000007a8f80000,0x00000007aa580000)
 ParOldGen       total 110080K, used 32581K [0x0000000760000000, 0x0000000766b80000, 0x00000007a0000000)
  object space 110080K, 29% used [0x0000000760000000,0x0000000761fd15d8,0x0000000766b80000)
 Metaspace       used 57230K, capacity 59070K, committed 59136K, reserved 1099776K
  class space    used 7714K, capacity 8189K, committed 8192K, reserved 1048576K
Event: 10.845 GC heap after
Heap after GC invocations=13 (full 2):
 PSYoungGen      total 169472K, used 22500K [0x00000007a0000000, 0x00000007aef80000, 0x00000007c0000000)
  eden space 146944K, 0% used [0x00000007a0000000,0x00000007a0000000,0x00000007a8f80000)
  from space 22528K, 99% used [0x00000007a8f80000,0x00000007aa579330,0x00000007aa580000)
  to   space 25600K, 0% used [0x00000007ad680000,0x00000007ad680000,0x00000007aef80000)
 ParOldGen       total 110080K, used 33717K [0x0000000760000000, 0x0000000766b80000, 0x00000007a0000000)
  object space 110080K, 30% used [0x0000000760000000,0x00000007620ed748,0x0000000766b80000)
 Metaspace       used 57230K, capacity 59070K, committed 59136K, reserved 1099776K
  class space    used 7714K, capacity 8189K, committed 8192K, reserved 1048576K
}
Event: 10.845 GC heap before
{Heap before GC invocations=14 (full 3):
 PSYoungGen      total 169472K, used 22500K [0x00000007a0000000, 0x00000007aef80000, 0x00000007c0000000)
  eden space 146944K, 0% used [0x00000007a0000000,0x00000007a0000000,0x00000007a8f80000)
  from space 22528K, 99% used [0x00000007a8f80000,0x00000007aa579330,0x00000007aa580000)
  to   space 25600K, 0% used [0x00000007ad680000,0x00000007ad680000,0x00000007aef80000)
 ParOldGen       total 110080K, used 33717K [0x0000000760000000, 0x0000000766b80000, 0x00000007a0000000)
  object space 110080K, 30% used [0x0000000760000000,0x00000007620ed748,0x0000000766b80000)
 Metaspace       used 57230K, capacity 59070K, committed 59136K, reserved 1099776K
  class space    used 7714K, capacity 8189K, committed 8192K, reserved 1048576K

